2021-09-30 16:55:27,527 INFO RPC interface 'supervisor' initialized
2021-09-30 16:55:27,527 CRIT Server 'unix_http_server' running without any HTTP authentication checking
2021-09-30 16:55:27,529 INFO daemonizing the supervisord process
2021-09-30 16:55:27,529 INFO supervisord started with pid 740529
2021-09-30 17:08:19,287 INFO supervisord started with pid 744064
2021-09-30 17:08:20,291 INFO spawned: 'myprogram' with pid 744085
2021-09-30 17:08:20,296 INFO spawned: 'test_process' with pid 744086
2021-09-30 17:08:20,298 DEBG 'myprogram' stderr output:
supervisor: couldn't setuid to 0: Can't drop privilege as nonroot user
supervisor: child process was not spawned

2021-09-30 17:08:20,299 DEBG fd 7 closed, stopped monitoring <POutputDispatcher at 139699043442400 for <Subprocess at 139699043439616 with name myprogram in state STARTING> (stdout)>
2021-09-30 17:08:20,300 DEBG fd 9 closed, stopped monitoring <POutputDispatcher at 139699042913440 for <Subprocess at 139699043439616 with name myprogram in state STARTING> (stderr)>
2021-09-30 17:08:20,300 INFO exited: myprogram (exit status 127; not expected)
2021-09-30 17:08:20,300 DEBG received SIGCHLD indicating a child quit
2021-09-30 17:08:20,317 DEBG 'test_process' stdout output:
1. This prints once every 5secs.

2021-09-30 17:08:21,321 INFO spawned: 'myprogram' with pid 744092
2021-09-30 17:08:21,323 INFO success: test_process entered RUNNING state, process has stayed up for > than 1 seconds (startsecs)
2021-09-30 17:08:21,331 DEBG 'myprogram' stderr output:
supervisor: couldn't setuid to 0: Can't drop privilege as nonroot user
supervisor: child process was not spawned

2021-09-30 17:08:21,332 DEBG fd 7 closed, stopped monitoring <POutputDispatcher at 139699043117376 for <Subprocess at 139699043439616 with name myprogram in state STARTING> (stdout)>
2021-09-30 17:08:21,332 DEBG fd 11 closed, stopped monitoring <POutputDispatcher at 139699042913536 for <Subprocess at 139699043439616 with name myprogram in state STARTING> (stderr)>
2021-09-30 17:08:21,333 INFO exited: myprogram (exit status 127; not expected)
2021-09-30 17:08:21,333 DEBG received SIGCHLD indicating a child quit
2021-09-30 17:08:23,338 INFO spawned: 'myprogram' with pid 744113
2021-09-30 17:08:23,345 DEBG 'myprogram' stderr output:
supervisor: couldn't setuid to 0: Can't drop privilege as nonroot user
supervisor: child process was not spawned

2021-09-30 17:08:23,346 DEBG fd 7 closed, stopped monitoring <POutputDispatcher at 139699043442400 for <Subprocess at 139699043439616 with name myprogram in state STARTING> (stdout)>
2021-09-30 17:08:23,346 DEBG fd 11 closed, stopped monitoring <POutputDispatcher at 139699042913392 for <Subprocess at 139699043439616 with name myprogram in state STARTING> (stderr)>
2021-09-30 17:08:23,347 INFO exited: myprogram (exit status 127; not expected)
2021-09-30 17:08:23,347 DEBG received SIGCHLD indicating a child quit
2021-09-30 17:08:25,319 DEBG 'test_process' stdout output:
2. This prints once every 5secs.

2021-09-30 17:08:27,325 INFO spawned: 'myprogram' with pid 744133
2021-09-30 17:08:27,332 DEBG 'myprogram' stderr output:
supervisor: couldn't setuid to 0: Can't drop privilege as nonroot user
supervisor: child process was not spawned

2021-09-30 17:08:27,334 DEBG fd 7 closed, stopped monitoring <POutputDispatcher at 139699043117376 for <Subprocess at 139699043439616 with name myprogram in state STARTING> (stdout)>
2021-09-30 17:08:27,334 DEBG fd 11 closed, stopped monitoring <POutputDispatcher at 139699042913632 for <Subprocess at 139699043439616 with name myprogram in state STARTING> (stderr)>
2021-09-30 17:08:27,334 INFO exited: myprogram (exit status 127; not expected)
2021-09-30 17:08:27,334 DEBG received SIGCHLD indicating a child quit
2021-09-30 17:08:28,335 INFO gave up: myprogram entered FATAL state, too many start retries too quickly
2021-09-30 17:08:30,324 DEBG 'test_process' stdout output:
3. This prints once every 5secs.

2021-09-30 17:08:35,329 DEBG 'test_process' stdout output:
4. This prints once every 5secs.

2021-09-30 17:08:40,334 DEBG 'test_process' stdout output:
5. This prints once every 5secs.

2021-09-30 17:08:45,340 DEBG 'test_process' stdout output:
6. This prints once every 5secs.

2021-09-30 17:08:50,345 DEBG 'test_process' stdout output:
7. This prints once every 5secs.

2021-09-30 17:08:50,345 WARN received SIGINT indicating exit request
2021-09-30 17:08:50,345 DEBG killing test_process (pid 744086) with signal SIGTERM
2021-09-30 17:08:50,346 INFO waiting for test_process to die
2021-09-30 17:08:50,348 DEBG fd 10 closed, stopped monitoring <POutputDispatcher at 139699043066880 for <Subprocess at 139699043066208 with name test_process in state STOPPING> (stdout)>
2021-09-30 17:08:50,348 INFO stopped: test_process (terminated by SIGTERM)
2021-09-30 17:08:50,349 DEBG received SIGCHLD indicating a child quit
2021-09-30 17:08:54,777 INFO supervisord started with pid 744395
2021-09-30 17:08:55,781 INFO spawned: 'test_process' with pid 744413
2021-09-30 17:08:55,804 DEBG 'test_process' stdout output:
1. This prints once every 5secs.

2021-09-30 17:08:56,806 INFO success: test_process entered RUNNING state, process has stayed up for > than 1 seconds (startsecs)
2021-09-30 17:09:00,810 DEBG 'test_process' stdout output:
2. This prints once every 5secs.

2021-09-30 17:09:05,815 DEBG 'test_process' stdout output:
3. This prints once every 5secs.

2021-09-30 17:09:10,820 DEBG 'test_process' stdout output:
4. This prints once every 5secs.

2021-09-30 17:09:15,825 DEBG 'test_process' stdout output:
5. This prints once every 5secs.

2021-09-30 17:09:20,827 DEBG 'test_process' stdout output:
6. This prints once every 5secs.

2021-09-30 17:09:25,832 DEBG 'test_process' stdout output:
7. This prints once every 5secs.

2021-09-30 17:09:30,835 DEBG 'test_process' stdout output:
8. This prints once every 5secs.

2021-09-30 17:09:35,839 DEBG 'test_process' stdout output:
9. This prints once every 5secs.

2021-09-30 17:09:40,843 DEBG 'test_process' stdout output:
10. This prints once every 5secs.

2021-09-30 17:09:45,848 DEBG 'test_process' stdout output:
11. This prints once every 5secs.

2021-09-30 17:09:50,851 DEBG 'test_process' stdout output:
12. This prints once every 5secs.

2021-09-30 17:09:55,857 DEBG 'test_process' stdout output:
13. This prints once every 5secs.

2021-09-30 17:10:00,862 DEBG 'test_process' stdout output:
14. This prints once every 5secs.

2021-09-30 17:10:05,863 DEBG 'test_process' stdout output:
15. This prints once every 5secs.

2021-09-30 17:10:10,869 DEBG 'test_process' stdout output:
16. This prints once every 5secs.

2021-09-30 17:10:15,874 DEBG 'test_process' stdout output:
17. This prints once every 5secs.

2021-09-30 17:10:20,879 DEBG 'test_process' stdout output:
18. This prints once every 5secs.

2021-09-30 17:10:25,883 DEBG 'test_process' stdout output:
19. This prints once every 5secs.

2021-09-30 17:10:30,889 DEBG 'test_process' stdout output:
20. This prints once every 5secs.

2021-09-30 17:10:35,891 DEBG 'test_process' stdout output:
21. This prints once every 5secs.

2021-09-30 17:10:40,895 DEBG 'test_process' stdout output:
22. This prints once every 5secs.

2021-09-30 17:10:41,078 DEBG killing test_process (pid 744413) with signal SIGTERM
2021-09-30 17:10:41,078 INFO waiting for test_process to stop
2021-09-30 17:10:41,080 DEBG fd 7 closed, stopped monitoring <POutputDispatcher at 140613958134944 for <Subprocess at 140613958135088 with name test_process in state STOPPING> (stdout)>
2021-09-30 17:10:41,081 INFO stopped: test_process (terminated by SIGTERM)
2021-09-30 17:10:41,081 DEBG received SIGCHLD indicating a child quit
2021-09-30 17:11:07,187 WARN received SIGINT indicating exit request
2021-09-30 17:14:50,799 INFO daemonizing the supervisord process
2021-09-30 17:14:50,800 INFO supervisord started with pid 746363
2021-09-30 17:14:51,804 INFO spawned: 'test_process' with pid 746413
2021-09-30 17:14:52,828 INFO success: test_process entered RUNNING state, process has stayed up for > than 1 seconds (startsecs)
2021-09-30 17:16:51,924 WARN received SIGHUP indicating restart request
2021-09-30 17:16:51,924 INFO waiting for test_process to die
2021-09-30 17:16:51,925 INFO stopped: test_process (terminated by SIGTERM)
2021-09-30 17:16:51,938 INFO supervisord started with pid 746363
2021-09-30 17:16:52,941 INFO spawned: 'test_process' with pid 747193
2021-09-30 17:16:53,963 INFO success: test_process entered RUNNING state, process has stayed up for > than 1 seconds (startsecs)
2021-09-30 17:18:23,421 INFO daemonizing the supervisord process
2021-09-30 17:18:23,422 INFO supervisord started with pid 747681
2021-09-30 17:18:24,426 INFO spawned: 'test_process' with pid 747700
2021-09-30 17:18:25,448 INFO success: test_process entered RUNNING state, process has stayed up for > than 1 seconds (startsecs)
2021-09-30 17:19:28,811 INFO daemonizing the supervisord process
2021-09-30 17:19:28,812 INFO supervisord started with pid 748211
2021-09-30 17:19:29,817 INFO spawned: 'test_process' with pid 748228
2021-09-30 17:19:30,841 INFO success: test_process entered RUNNING state, process has stayed up for > than 1 seconds (startsecs)
2021-09-30 17:23:18,433 CRIT Server 'unix_http_server' running without any HTTP authentication checking
2021-09-30 17:23:18,435 INFO daemonizing the supervisord process
2021-09-30 17:23:18,436 INFO supervisord started with pid 749481
2021-09-30 17:23:19,440 INFO spawned: 'test_process' with pid 749494
2021-09-30 17:23:20,467 INFO success: test_process entered RUNNING state, process has stayed up for > than 1 seconds (startsecs)
2021-09-30 17:24:24,493 INFO RPC interface 'supervisor' initialized
2021-09-30 17:24:24,795 INFO RPC interface 'supervisor' initialized
2021-09-30 17:24:24,795 CRIT Server 'unix_http_server' running without any HTTP authentication checking
2021-09-30 17:24:24,801 INFO daemonizing the supervisord process
2021-09-30 17:24:24,802 INFO supervisord started with pid 749994
2021-09-30 17:24:25,807 INFO spawned: 'test_process' with pid 750013
2021-09-30 17:24:26,832 INFO success: test_process entered RUNNING state, process has stayed up for > than 1 seconds (startsecs)
2021-09-30 17:25:06,040 INFO waiting for test_process to stop
2021-09-30 17:25:06,042 INFO stopped: test_process (terminated by SIGTERM)
2021-10-02 08:13:22,907 INFO RPC interface 'supervisor' initialized
2021-10-02 08:13:23,208 INFO RPC interface 'supervisor' initialized
2021-10-02 08:13:23,208 CRIT Server 'unix_http_server' running without any HTTP authentication checking
2021-10-02 08:13:23,212 INFO daemonizing the supervisord process
2021-10-02 08:13:23,213 INFO supervisord started with pid 1298422
2021-10-02 08:13:24,218 INFO spawned: 'test_process' with pid 1298438
2021-10-02 08:13:25,244 INFO success: test_process entered RUNNING state, process has stayed up for > than 1 seconds (startsecs)
2021-10-02 08:15:08,395 INFO waiting for test_process to stop
2021-10-02 08:15:08,397 INFO stopped: test_process (terminated by SIGTERM)
2021-10-02 08:15:10,404 INFO spawned: 'test_process' with pid 1298985
2021-10-02 08:15:11,429 INFO success: test_process entered RUNNING state, process has stayed up for > than 1 seconds (startsecs)
2021-10-02 08:16:19,838 INFO waiting for test_process to stop
2021-10-02 08:16:19,840 INFO stopped: test_process (terminated by SIGTERM)
2021-10-02 08:26:36,857 INFO spawned: 'test_process' with pid 1301680
2021-10-02 08:26:37,882 INFO success: test_process entered RUNNING state, process has stayed up for > than 1 seconds (startsecs)
2021-10-02 08:26:48,663 INFO waiting for test_process to stop
2021-10-02 08:26:48,663 INFO stopped: test_process (terminated by SIGTERM)
2021-10-02 08:33:47,427 INFO RPC interface 'supervisor' initialized
2021-10-02 08:33:47,428 INFO RPC interface 'supervisor' initialized
2021-10-02 08:33:47,428 CRIT Server 'unix_http_server' running without any HTTP authentication checking
2021-10-02 08:33:47,428 INFO supervisord started with pid 1298422
2021-10-02 08:33:48,431 INFO spawned: 'callerid' with pid 1303615
2021-10-02 08:33:48,434 INFO spawned: 'test_process' with pid 1303616
2021-10-02 08:33:49,535 INFO success: callerid entered RUNNING state, process has stayed up for > than 1 seconds (startsecs)
2021-10-02 08:33:49,535 INFO success: test_process entered RUNNING state, process has stayed up for > than 1 seconds (startsecs)
2021-10-02 08:37:19,393 INFO waiting for callerid, test_process to die
2021-10-02 08:37:19,395 INFO stopped: test_process (terminated by SIGTERM)
2021-10-02 08:37:19,399 INFO stopped: callerid (terminated by SIGTERM)
2021-10-02 08:37:19,406 INFO RPC interface 'supervisor' initialized
2021-10-02 08:37:19,406 INFO RPC interface 'supervisor' initialized
2021-10-02 08:37:19,406 CRIT Server 'unix_http_server' running without any HTTP authentication checking
2021-10-02 08:37:19,406 INFO supervisord started with pid 1298422
2021-10-02 08:37:20,409 INFO spawned: 'callerid' with pid 1304708
2021-10-02 08:37:20,415 INFO spawned: 'test_process' with pid 1304709
2021-10-02 08:37:21,497 INFO success: callerid entered RUNNING state, process has stayed up for > than 1 seconds (startsecs)
2021-10-02 08:37:21,497 INFO success: test_process entered RUNNING state, process has stayed up for > than 1 seconds (startsecs)
2021-10-02 08:37:57,730 INFO waiting for callerid to stop
2021-10-02 08:37:57,733 INFO stopped: callerid (terminated by SIGTERM)
2021-10-02 08:37:58,737 INFO spawned: 'callerid' with pid 1304907
2021-10-02 08:37:59,820 INFO success: callerid entered RUNNING state, process has stayed up for > than 1 seconds (startsecs)
2021-10-02 12:24:29,895 INFO waiting for callerid to stop
2021-10-02 12:24:29,898 INFO stopped: callerid (terminated by SIGTERM)
2021-10-02 12:24:30,903 INFO spawned: 'callerid' with pid 1371685
2021-10-02 12:24:31,968 INFO success: callerid entered RUNNING state, process has stayed up for > than 1 seconds (startsecs)
2021-10-02 12:25:57,072 INFO stopped: callerid (terminated by SIGTERM)
2021-10-02 12:25:57,079 INFO spawned: 'callerid' with pid 1372133
2021-10-02 12:25:58,205 INFO success: callerid entered RUNNING state, process has stayed up for > than 1 seconds (startsecs)
2021-10-02 12:26:02,034 INFO waiting for test_process to stop
2021-10-02 12:26:02,035 INFO stopped: test_process (terminated by SIGTERM)
2021-10-02 12:29:12,718 INFO waiting for callerid to stop
2021-10-02 12:29:12,722 INFO stopped: callerid (terminated by SIGTERM)
2021-10-02 12:29:13,719 INFO spawned: 'callerid' with pid 1372914
2021-10-02 12:29:13,721 INFO spawned: 'test_process' with pid 1372915
2021-10-02 12:29:14,848 INFO success: callerid entered RUNNING state, process has stayed up for > than 1 seconds (startsecs)
2021-10-02 12:29:14,849 INFO success: test_process entered RUNNING state, process has stayed up for > than 1 seconds (startsecs)
2021-10-02 12:29:19,386 INFO waiting for test_process to stop
2021-10-02 12:29:19,387 INFO stopped: test_process (terminated by SIGTERM)
2021-10-02 12:30:04,894 INFO waiting for callerid to die
2021-10-02 12:30:04,896 INFO stopped: callerid (terminated by SIGTERM)
2021-10-02 12:30:40,692 INFO RPC interface 'supervisor' initialized
2021-10-02 12:30:40,692 INFO RPC interface 'supervisor' initialized
2021-10-02 12:30:40,692 CRIT Server 'unix_http_server' running without any HTTP authentication checking
2021-10-02 12:30:40,694 INFO daemonizing the supervisord process
2021-10-02 12:30:40,695 INFO supervisord started with pid 1373525
2021-10-02 12:30:41,697 INFO spawned: 'callerid' with pid 1373538
2021-10-02 12:30:42,849 INFO success: callerid entered RUNNING state, process has stayed up for > than 1 seconds (startsecs)
2021-10-02 12:37:19,317 INFO waiting for callerid to stop
2021-10-02 12:37:19,319 INFO stopped: callerid (terminated by SIGTERM)
2021-10-02 12:37:19,324 INFO spawned: 'callerid' with pid 1375322
2021-10-02 12:37:20,458 INFO success: callerid entered RUNNING state, process has stayed up for > than 1 seconds (startsecs)
2021-10-02 12:37:40,012 INFO exited: callerid (exit status 1; not expected)
2021-10-02 12:37:41,017 INFO spawned: 'callerid' with pid 1375469
2021-10-02 12:37:42,151 INFO success: callerid entered RUNNING state, process has stayed up for > than 1 seconds (startsecs)
2021-10-02 12:38:24,375 INFO waiting for callerid to die
2021-10-02 12:38:24,380 INFO stopped: callerid (terminated by SIGTERM)
2021-10-02 12:38:24,388 INFO RPC interface 'supervisor' initialized
2021-10-02 12:38:24,389 INFO RPC interface 'supervisor' initialized
2021-10-02 12:38:24,389 CRIT Server 'unix_http_server' running without any HTTP authentication checking
2021-10-02 12:38:24,389 INFO supervisord started with pid 1373525
2021-10-02 12:38:25,391 INFO spawned: 'callerid' with pid 1375650
2021-10-02 12:38:26,525 INFO success: callerid entered RUNNING state, process has stayed up for > than 1 seconds (startsecs)
2021-10-02 12:38:31,670 INFO exited: callerid (exit status 1; not expected)
2021-10-02 12:38:32,674 INFO spawned: 'callerid' with pid 1375708
2021-10-02 12:38:33,821 INFO success: callerid entered RUNNING state, process has stayed up for > than 1 seconds (startsecs)
2021-10-02 12:38:41,366 INFO waiting for callerid to stop
2021-10-02 12:38:41,370 INFO stopped: callerid (terminated by SIGTERM)
2021-10-02 12:38:43,376 INFO spawned: 'callerid' with pid 1375789
2021-10-02 12:38:44,511 INFO success: callerid entered RUNNING state, process has stayed up for > than 1 seconds (startsecs)
2021-10-02 12:38:56,677 INFO exited: callerid (exit status 1; not expected)
2021-10-02 12:38:57,681 INFO spawned: 'callerid' with pid 1375842
2021-10-02 12:38:58,815 INFO success: callerid entered RUNNING state, process has stayed up for > than 1 seconds (startsecs)
2021-10-02 12:40:03,899 INFO waiting for callerid to die
2021-10-02 12:40:03,902 INFO stopped: callerid (terminated by SIGTERM)
2021-10-02 12:40:03,909 INFO RPC interface 'supervisor' initialized
2021-10-02 12:40:03,910 INFO RPC interface 'supervisor' initialized
2021-10-02 12:40:03,910 CRIT Server 'unix_http_server' running without any HTTP authentication checking
2021-10-02 12:40:03,910 INFO supervisord started with pid 1373525
2021-10-02 12:40:04,912 INFO spawned: 'callerid' with pid 1376209
2021-10-02 12:40:06,054 INFO success: callerid entered RUNNING state, process has stayed up for > than 1 seconds (startsecs)
2021-10-02 12:40:35,360 INFO waiting for callerid to stop
2021-10-02 12:40:35,363 INFO stopped: callerid (terminated by SIGTERM)
2021-10-02 12:40:36,367 INFO spawned: 'callerid' with pid 1376383
2021-10-02 12:40:37,529 INFO success: callerid entered RUNNING state, process has stayed up for > than 1 seconds (startsecs)
2021-10-02 12:43:12,088 INFO waiting for callerid to stop
2021-10-02 12:43:12,092 INFO stopped: callerid (terminated by SIGTERM)
2021-10-02 12:43:13,097 INFO spawned: 'callerid' with pid 1376999
2021-10-02 12:43:14,234 INFO success: callerid entered RUNNING state, process has stayed up for > than 1 seconds (startsecs)
